# JRE version: Java(TM) SE Runtime Environment (21.0.2+13) (build 21.0.2+13-LTS-58)
# Java VM: Java HotSpot(TM) 64-Bit Server VM (21.0.2+13-LTS-58, mixed mode, sharing, tiered, compressed oops, compressed class ptrs, g1 gc, windows-amd64)
GC Precious Log:
 CardTable entry size: 512
 Card Set container configuration: InlinePtr #cards 5 size 8 Array Of Cards #cards 12 size 40 Howl #buckets 4 coarsen threshold 1843 Howl Bitmap #cards 512 size 80 coarsen threshold 460 Card regions per heap region 1 cards per card region 2048
 CPUs: 8 total, 8 available
 Memory: 7934M
 Large Page Support: Disabled
 NUMA Support: Disabled
 Compressed Oops: Enabled (32-bit)
 Heap Region Size: 1M
 Heap Min Capacity: 8M
 Heap Initial Capacity: 124M
 Heap Max Capacity: 1984M
 Pre-touch: Disabled
 Parallel Workers: 8
 Concurrent Workers: 2
 Concurrent Refinement Workers: 8
 Periodic GC: Disabled
Heap:
 garbage-first heap   total 92160K, used 76019K [0x0000000084000000, 0x0000000100000000)
  region size 1024K, 50 young (51200K), 0 survivors (0K)
 Metaspace       used 78042K, committed 78848K, reserved 1179648K
  class space    used 10131K, committed 10496K, reserved 1048576K
GC Heap History (20 events):
Event: 4.452 GC heap before
{Heap before GC invocations=13 (full 0):
 garbage-first heap   total 76800K, used 66419K [0x0000000084000000, 0x0000000100000000)
  region size 1024K, 45 young (46080K), 3 survivors (3072K)
 Metaspace       used 50530K, committed 51136K, reserved 1114112K
  class space    used 6378K, committed 6656K, reserved 1048576K
}
Event: 4.455 GC heap after
{Heap after GC invocations=14 (full 0):
 garbage-first heap   total 76800K, used 24919K [0x0000000084000000, 0x0000000100000000)
  region size 1024K, 5 young (5120K), 5 survivors (5120K)
 Metaspace       used 50530K, committed 51136K, reserved 1114112K
  class space    used 6378K, committed 6656K, reserved 1048576K
}
Event: 4.712 GC heap before
{Heap before GC invocations=14 (full 0):
 garbage-first heap   total 76800K, used 64855K [0x0000000084000000, 0x0000000100000000)
  region size 1024K, 45 young (46080K), 5 survivors (5120K)
 Metaspace       used 55646K, committed 56256K, reserved 1114112K
  class space    used 7165K, committed 7424K, reserved 1048576K
}
Event: 4.716 GC heap after
{Heap after GC invocations=15 (full 0):
 garbage-first heap   total 76800K, used 25316K [0x0000000084000000, 0x0000000100000000)
  region size 1024K, 4 young (4096K), 4 survivors (4096K)
 Metaspace       used 55646K, committed 56256K, reserved 1114112K
  class space    used 7165K, committed 7424K, reserved 1048576K
}
Event: 4.973 GC heap before
{Heap before GC invocations=15 (full 0):
 garbage-first heap   total 76800K, used 63204K [0x0000000084000000, 0x0000000100000000)
  region size 1024K, 43 young (44032K), 4 survivors (4096K)
 Metaspace       used 59560K, committed 60160K, reserved 1114112K
  class space    used 7756K, committed 8064K, reserved 1048576K
}
Event: 4.976 GC heap after
{Heap after GC invocations=16 (full 0):
 garbage-first heap   total 76800K, used 25864K [0x0000000084000000, 0x0000000100000000)
  region size 1024K, 3 young (3072K), 3 survivors (3072K)
 Metaspace       used 59560K, committed 60160K, reserved 1114112K
  class space    used 7756K, committed 8064K, reserved 1048576K
}
Event: 5.476 GC heap before
{Heap before GC invocations=17 (full 0):
 garbage-first heap   total 76800K, used 67848K [0x0000000084000000, 0x0000000100000000)
  region size 1024K, 44 young (45056K), 3 survivors (3072K)
 Metaspace       used 62936K, committed 63616K, reserved 1114112K
  class space    used 8320K, committed 8640K, reserved 1048576K
}
Event: 5.479 GC heap after
{Heap after GC invocations=18 (full 0):
 garbage-first heap   total 76800K, used 27980K [0x0000000084000000, 0x0000000100000000)
  region size 1024K, 5 young (5120K), 5 survivors (5120K)
 Metaspace       used 62936K, committed 63616K, reserved 1114112K
  class space    used 8320K, committed 8640K, reserved 1048576K
}
Event: 5.958 GC heap before
{Heap before GC invocations=18 (full 0):
 garbage-first heap   total 76800K, used 65868K [0x0000000084000000, 0x0000000100000000)
  region size 1024K, 42 young (43008K), 5 survivors (5120K)
 Metaspace       used 65927K, committed 66688K, reserved 1114112K
  class space    used 8730K, committed 9088K, reserved 1048576K
}
Event: 5.964 GC heap after
{Heap after GC invocations=19 (full 0):
 garbage-first heap   total 76800K, used 29734K [0x0000000084000000, 0x0000000100000000)
  region size 1024K, 5 young (5120K), 5 survivors (5120K)
 Metaspace       used 65927K, committed 66688K, reserved 1114112K
  class space    used 8730K, committed 9088K, reserved 1048576K
}
Event: 12.599 GC heap before
{Heap before GC invocations=19 (full 0):
 garbage-first heap   total 76800K, used 64550K [0x0000000084000000, 0x0000000100000000)
  region size 1024K, 40 young (40960K), 5 survivors (5120K)
 Metaspace       used 69943K, committed 70656K, reserved 1114112K
  class space    used 9203K, committed 9536K, reserved 1048576K
}
Event: 12.607 GC heap after
{Heap after GC invocations=20 (full 0):
 garbage-first heap   total 92160K, used 31046K [0x0000000084000000, 0x0000000100000000)
  region size 1024K, 4 young (4096K), 4 survivors (4096K)
 Metaspace       used 69943K, committed 70656K, reserved 1114112K
  class space    used 9203K, committed 9536K, reserved 1048576K
}
Event: 13.064 GC heap before
{Heap before GC invocations=20 (full 0):
 garbage-first heap   total 92160K, used 81222K [0x0000000084000000, 0x0000000100000000)
  region size 1024K, 54 young (55296K), 4 survivors (4096K)
 Metaspace       used 75068K, committed 75776K, reserved 1179648K
  class space    used 9911K, committed 10240K, reserved 1048576K
}
Event: 13.067 GC heap after
{Heap after GC invocations=21 (full 0):
 garbage-first heap   total 92160K, used 32949K [0x0000000084000000, 0x0000000100000000)
  region size 1024K, 6 young (6144K), 6 survivors (6144K)
 Metaspace       used 75068K, committed 75776K, reserved 1179648K
  class space    used 9911K, committed 10240K, reserved 1048576K
}
Event: 241.940 GC heap before
{Heap before GC invocations=21 (full 0):
 garbage-first heap   total 92160K, used 55477K [0x0000000084000000, 0x0000000100000000)
  region size 1024K, 30 young (30720K), 6 survivors (6144K)
 Metaspace       used 76466K, committed 77312K, reserved 1179648K
  class space    used 10083K, committed 10496K, reserved 1048576K
}
Event: 241.980 GC heap after
{Heap after GC invocations=22 (full 1):
 garbage-first heap   total 92160K, used 28349K [0x0000000084000000, 0x0000000100000000)
  region size 1024K, 0 young (0K), 0 survivors (0K)
 Metaspace       used 76466K, committed 77312K, reserved 1179648K
  class space    used 10083K, committed 10496K, reserved 1048576K
}
Event: 242.803 GC heap before
{Heap before GC invocations=22 (full 1):
 garbage-first heap   total 92160K, used 81597K [0x0000000084000000, 0x0000000100000000)
  region size 1024K, 53 young (54272K), 0 survivors (0K)
 Metaspace       used 77212K, committed 78016K, reserved 1179648K
  class space    used 10107K, committed 10496K, reserved 1048576K
}
Event: 242.808 GC heap after
{Heap after GC invocations=23 (full 1):
 garbage-first heap   total 92160K, used 33583K [0x0000000084000000, 0x0000000100000000)
  region size 1024K, 6 young (6144K), 6 survivors (6144K)
 Metaspace       used 77212K, committed 78016K, reserved 1179648K
  class space    used 10107K, committed 10496K, reserved 1048576K
}
Event: 264.697 GC heap before
{Heap before GC invocations=24 (full 1):
 garbage-first heap   total 92160K, used 42799K [0x0000000084000000, 0x0000000100000000)
  region size 1024K, 17 young (17408K), 6 survivors (6144K)
 Metaspace       used 77342K, committed 78144K, reserved 1179648K
  class space    used 10109K, committed 10496K, reserved 1048576K
}
Event: 264.736 GC heap after
{Heap after GC invocations=25 (full 2):
 garbage-first heap   total 92160K, used 26867K [0x0000000084000000, 0x0000000100000000)
  region size 1024K, 0 young (0K), 0 survivors (0K)
 Metaspace       used 77342K, committed 78144K, reserved 1179648K
  class space    used 10109K, committed 10496K, reserved 1048576K
}

